<?xml version="1.0" encoding="UTF-8"?>
<!-- Generated by org.testng.reporters.JUnitReportReporter -->
<testsuite hostname="DLUASI19857045" name="MyPackage.SmokeTest" tests="1" failures="0" timestamp="26 Jun 2016 02:52:35 GMT" time="5.792" errors="0">
  <testcase name="logintest" time="5.792" classname="MyPackage.SmokeTest"/>
</testsuite> <!-- MyPackage.SmokeTest -->
